
Showing logs for build [32mcb-kubecd-environment-pr-96-52-jjhk2-1[0m stage [32mfrom-build-pack[0m and container [32mstep-credential-initializer-l9wgm[0m
{"level":"warn","ts":1575396935.7867048,"logger":"fallback-logger","caller":"logging/config.go:69","msg":"Fetch GitHub commit ID from kodata failed: \"ref: refs/heads/master\" is not a valid GitHub commit ID"}
{"level":"info","ts":1575396935.7870872,"logger":"fallback-logger","caller":"creds-init/main.go:40","msg":"Credentials initialized."}

Showing logs for build [32mcb-kubecd-environment-pr-96-52-jjhk2-1[0m stage [32mfrom-build-pack[0m and container [32mstep-working-dir-initializer-ql7xt[0m
{"level":"warn","ts":1575396936.8361409,"logger":"fallback-logger","caller":"logging/config.go:69","msg":"Fetch GitHub commit ID from kodata failed: open /var/run/ko/HEAD: no such file or directory"}
{"level":"info","ts":1575396936.8371992,"logger":"fallback-logger","caller":"bash/main.go:65","msg":"Successfully executed command \"mkdir -p /workspace/source\""}

Showing logs for build [32mcb-kubecd-environment-pr-96-52-jjhk2-1[0m stage [32mfrom-build-pack[0m and container [32mstep-place-tools[0m

Showing logs for build [32mcb-kubecd-environment-pr-96-52-jjhk2-1[0m stage [32mfrom-build-pack[0m and container [32mstep-git-source-cb-kubecd-environment-pr-96-52-fzw62[0m
{"level":"warn","ts":1575396942.9058478,"logger":"fallback-logger","caller":"logging/config.go:69","msg":"Fetch GitHub commit ID from kodata failed: \"ref: refs/heads/master\" is not a valid GitHub commit ID"}
{"level":"info","ts":1575396943.0753841,"logger":"fallback-logger","caller":"git/git.go:102","msg":"Successfully cloned https://github.com/cb-kubecd/environment-pr-96-52-boot-eks-staging.git @ master in path /workspace/source"}

Showing logs for build [32mcb-kubecd-environment-pr-96-52-jjhk2-1[0m stage [32mfrom-build-pack[0m and container [32mstep-git-merge[0m
Using SHAs from PULL_REFS=master:4a47fe5ce6fc6a0ea1778ab42b3740a34de3e117,4:faf30fd0b49e4575bcc15c328e602782e948952c
DEBUG: ran git fetch --unshallow origin faf30fd0b49e4575bcc15c328e602782e948952c: 4a47fe5ce6fc6a0ea1778ab42b3740a34de3e117: in 
DEBUG: ran git checkout master in 
DEBUG: ran git reset --hard 4a47fe5ce6fc6a0ea1778ab42b3740a34de3e117 in 
DEBUG: ran clean --force -d . in 
DEBUG: ran git merge faf30fd0b49e4575bcc15c328e602782e948952c in 
Merged SHA faf30fd0b49e4575bcc15c328e602782e948952c with commit message 'chore: Promote bdd-nh-1575391693 to version 0.0.1' into base branch master

Showing logs for build [32mcb-kubecd-environment-pr-96-52-jjhk2-1[0m stage [32mfrom-build-pack[0m and container [32mstep-build-helm-build[0m
WARNING: No $CHART_REPOSITORY defined so using the default value of: http://jenkins-x-chartmuseum:8080
Adding missing Helm repo: storage.googleapis.com https://storage.googleapis.com/chartmuseum.jenkins-x.io
Read credentials for https://storage.googleapis.com/chartmuseum.jenkins-x.io from vault helm/repos
Successfully added Helm repository storage.googleapis.com.
Adding missing Helm repo: jenkins-x-chartmuseum http://jenkins-x-chartmuseum:8080
Read credentials for http://jenkins-x-chartmuseum:8080 from vault helm/repos
Successfully added Helm repository jenkins-x-chartmuseum.
WARNING: No $CHART_REPOSITORY defined so using the default value of: http://jenkins-x-chartmuseum:8080
Adding missing Helm repo: chartmuseum.jenkins-x.io http://chartmuseum.jenkins-x.io
Read credentials for http://chartmuseum.jenkins-x.io from vault helm/repos
Successfully added Helm repository chartmuseum.jenkins-x.io.
