
Showing logs for build [32mcb-kubecd-environment-pr-96-52-wffcg-1[0m stage [32mfrom-build-pack[0m and container [32mstep-credential-initializer-czj4d[0m
{"level":"warn","ts":1575392544.0002718,"logger":"fallback-logger","caller":"logging/config.go:69","msg":"Fetch GitHub commit ID from kodata failed: \"ref: refs/heads/master\" is not a valid GitHub commit ID"}
{"level":"info","ts":1575392544.0005786,"logger":"fallback-logger","caller":"creds-init/main.go:40","msg":"Credentials initialized."}

Showing logs for build [32mcb-kubecd-environment-pr-96-52-wffcg-1[0m stage [32mfrom-build-pack[0m and container [32mstep-working-dir-initializer-4skrm[0m
{"level":"warn","ts":1575392545.274255,"logger":"fallback-logger","caller":"logging/config.go:69","msg":"Fetch GitHub commit ID from kodata failed: open /var/run/ko/HEAD: no such file or directory"}
{"level":"info","ts":1575392545.2777402,"logger":"fallback-logger","caller":"bash/main.go:65","msg":"Successfully executed command \"mkdir -p /workspace/source\""}

Showing logs for build [32mcb-kubecd-environment-pr-96-52-wffcg-1[0m stage [32mfrom-build-pack[0m and container [32mstep-place-tools[0m

Showing logs for build [32mcb-kubecd-environment-pr-96-52-wffcg-1[0m stage [32mfrom-build-pack[0m and container [32mstep-git-source-cb-kubecd-environment-pr-96-52-s6kwd[0m
{"level":"warn","ts":1575392550.3601005,"logger":"fallback-logger","caller":"logging/config.go:69","msg":"Fetch GitHub commit ID from kodata failed: \"ref: refs/heads/master\" is not a valid GitHub commit ID"}
{"level":"info","ts":1575392550.5098944,"logger":"fallback-logger","caller":"git/git.go:102","msg":"Successfully cloned https://github.com/cb-kubecd/environment-pr-96-52-boot-eks-staging.git @ master in path /workspace/source"}

Showing logs for build [32mcb-kubecd-environment-pr-96-52-wffcg-1[0m stage [32mfrom-build-pack[0m and container [32mstep-git-merge[0m
Using SHAs from PULL_REFS=master:54ee2bb3c4a43a17eb03fee77b25160469330434,3:6dc834cde55814f8a154045308333f3445766303
DEBUG: ran git fetch --unshallow origin 6dc834cde55814f8a154045308333f3445766303: 54ee2bb3c4a43a17eb03fee77b25160469330434: in 
DEBUG: ran git checkout master in 
DEBUG: ran git reset --hard 54ee2bb3c4a43a17eb03fee77b25160469330434 in 
DEBUG: ran clean --force -d . in 
DEBUG: ran git merge 6dc834cde55814f8a154045308333f3445766303 in 
Merged SHA 6dc834cde55814f8a154045308333f3445766303 with commit message 'chore: Promote bdd-sbhg-1575391693 to version 0.0.1' into base branch master

Showing logs for build [32mcb-kubecd-environment-pr-96-52-wffcg-1[0m stage [32mfrom-build-pack[0m and container [32mstep-build-helm-build[0m
WARNING: No $CHART_REPOSITORY defined so using the default value of: http://jenkins-x-chartmuseum:8080
Adding missing Helm repo: storage.googleapis.com https://storage.googleapis.com/chartmuseum.jenkins-x.io
Read credentials for https://storage.googleapis.com/chartmuseum.jenkins-x.io from vault helm/repos
Successfully added Helm repository storage.googleapis.com.
Adding missing Helm repo: jenkins-x-chartmuseum http://jenkins-x-chartmuseum:8080
Read credentials for http://jenkins-x-chartmuseum:8080 from vault helm/repos
Successfully added Helm repository jenkins-x-chartmuseum.
WARNING: No $CHART_REPOSITORY defined so using the default value of: http://jenkins-x-chartmuseum:8080
Adding missing Helm repo: chartmuseum.jenkins-x.io http://chartmuseum.jenkins-x.io
Read credentials for http://chartmuseum.jenkins-x.io from vault helm/repos
Successfully added Helm repository chartmuseum.jenkins-x.io.
